<?xml version="1.0" encoding="UTF-8"?>
<testng-results skipped="0" failed="0" total="1" passed="1">
  <reporter-output>
  </reporter-output>
  <suite name="Default suite" duration-ms="37132" started-at="2019-02-10T12:42:02Z" finished-at="2019-02-10T12:42:40Z">
    <groups>
    </groups>
    <test name="Default test" duration-ms="37132" started-at="2019-02-10T12:42:02Z" finished-at="2019-02-10T12:42:40Z">
      <class name="com.trackstar.tests.TestClass">
        <test-method status="PASS" signature="setUp()[pri:0, instance:com.trackstar.tests.TestClass@7823a2f9]" name="setUp" is-config="true" duration-ms="7986" started-at="2019-02-10T18:11:54Z" finished-at="2019-02-10T18:12:02Z">
          <reporter-output>
          </reporter-output>
        </test-method> <!-- setUp -->
        <test-method status="PASS" signature="test()[pri:0, instance:com.trackstar.tests.TestClass@7823a2f9]" name="test" duration-ms="37108" started-at="2019-02-10T18:12:02Z" finished-at="2019-02-10T18:12:40Z">
          <reporter-output>
          </reporter-output>
        </test-method> <!-- test -->
        <test-method status="PASS" signature="tearDown()[pri:0, instance:com.trackstar.tests.TestClass@7823a2f9]" name="tearDown" is-config="true" duration-ms="1670" started-at="2019-02-10T18:12:40Z" finished-at="2019-02-10T18:12:41Z">
          <reporter-output>
          </reporter-output>
        </test-method> <!-- tearDown -->
      </class> <!-- com.trackstar.tests.TestClass -->
    </test> <!-- Default test -->
  </suite> <!-- Default suite -->
</testng-results>
